[{"line":3,"elements":[{"start_timestamp":"2023-04-23T03:12:15.907Z","line":155,"name":"It should have Cameras link","description":"","id":"account-page;it-should-have-cameras-link","type":"scenario","keyword":"Scenario","steps":[{"result":{"duration":2186886000,"status":"passed"},"line":156,"name":"User Launch Chrome browser","match":{"location":"stepDefinitions.Steps.user_launch_chrome_browser()"},"keyword":"Given "},{"result":{"duration":1541316000,"status":"passed"},"line":157,"name":"User opens URL \"http://tutorialsninja.com/demo/index.php?route=account/login\"","match":{"arguments":[{"val":"\"http://tutorialsninja.com/demo/index.php?route=account/login\"","offset":15}],"location":"stepDefinitions.Steps.user_opens_url(java.lang.String)"},"keyword":"When "},{"result":{"duration":1089117000,"status":"passed"},"line":158,"name":"User enters Email as \"dasari.jayalakshmi17@gmail.com\" and Password as \"Test12345\"","match":{"arguments":[{"val":"\"dasari.jayalakshmi17@gmail.com\"","offset":21},{"val":"\"Test12345\"","offset":70}],"location":"stepDefinitions.Steps.user_enters_email_as_and_password_as(java.lang.String,java.lang.String)"},"keyword":"And "},{"result":{"duration":252339000,"status":"passed"},"line":159,"name":"Click on Login","match":{"location":"stepDefinitions.Steps.click_on_login()"},"keyword":"And "},{"result":{"status":"undefined"},"line":160,"name":"I can able to see Cameras link","match":{},"keyword":"Then "}],"tags":[{"name":"@Account"},{"name":"@IntegrationTest"},{"name":"@UnitTest"},{"name":"@Cameras"}]}],"name":"Account Page","description":"  I want to test everything working in Account Page","id":"account-page","keyword":"Feature","uri":"file:Features/Account.feature","tags":[{"name":"@Account","type":"Tag","location":{"line":2,"column":1}}]},{"line":4,"elements":[{"start_timestamp":"2023-04-23T03:12:21.015Z","line":7,"name":"Test Camera page view","description":"","id":"cameras;test-camera-page-view","type":"scenario","keyword":"Scenario","steps":[{"result":{"duration":1754058000,"status":"passed"},"line":8,"name":"User Launch Chrome browser","match":{"location":"stepDefinitions.Steps.user_launch_chrome_browser()"},"keyword":"Given "},{"result":{"duration":2040879000,"status":"passed"},"line":9,"name":"User opens URL \"http://tutorialsninja.com/demo/index.php?route=account/login\"","match":{"arguments":[{"val":"\"http://tutorialsninja.com/demo/index.php?route=account/login\"","offset":15}],"location":"stepDefinitions.Steps.user_opens_url(java.lang.String)"},"keyword":"When "},{"result":{"duration":563822000,"status":"passed"},"line":10,"name":"User enters Email as \"dasari.jayalakshmi17@gmail.com\" and Password as \"Test12345\"","match":{"arguments":[{"val":"\"dasari.jayalakshmi17@gmail.com\"","offset":21},{"val":"\"Test12345\"","offset":70}],"location":"stepDefinitions.Steps.user_enters_email_as_and_password_as(java.lang.String,java.lang.String)"},"keyword":"And "},{"result":{"duration":244875000,"status":"passed"},"line":11,"name":"Click on Login","match":{"location":"stepDefinitions.Steps.click_on_login()"},"keyword":"And "},{"result":{"error_message":"org.openqa.selenium.NoSuchElementException: no such element: Unable to locate element: {\"method\":\"xpath\",\"selector\":\"//a[@class='list-group-item'][normalize-space()='Logout']\"}\n  (Session info: chrome=112.0.5615.137)\n  (Driver info: chromedriver=112.0.5615.49 (bd2a7bcb881c11e8cfe3078709382934e3916914-refs/branch-heads/5615@{#936}),platform=Mac OS X 13.3.1 x86_64) (WARNING: The server did not provide any stacktrace information)\nCommand duration or timeout: 11 milliseconds\nFor documentation on this error, please visit: http://seleniumhq.org/exceptions/no_such_element.html\nBuild info: version: '2.45.0', revision: '5017cb8e7ca8e37638dc3091b2440b90a1d8686f', time: '2015-02-27 09:10:26'\nSystem info: host: 'lcs-MacBook-Pro', ip: '192.168.20.26', os.name: 'Mac OS X', os.arch: 'x86_64', os.version: '13.3.1', java.version: '17.0.5'\nDriver info: org.openqa.selenium.chrome.ChromeDriver\nCapabilities [{mobileEmulationEnabled=false, timeouts={implicit=0, pageLoad=300000, script=30000}, hasTouchScreen=false, platform=MAC, acceptSslCerts=false, goog:chromeOptions={debuggerAddress=localhost:54151}, webauthn:extension:credBlob=true, acceptInsecureCerts=false, webStorageEnabled=true, browserName=chrome, takesScreenshot=true, javascriptEnabled=true, setWindowRect=true, webauthn:extension:largeBlob=true, unexpectedAlertBehaviour=ignore, rotatable=false, networkConnectionEnabled=false, chrome={chromedriverVersion=112.0.5615.49 (bd2a7bcb881c11e8cfe3078709382934e3916914-refs/branch-heads/5615@{#936}), userDataDir=/var/folders/_b/d6cz40qj2pb4s0gpzzs7_kc40000gp/T/.com.google.Chrome.GwTKlU}, takesHeapSnapshot=true, pageLoadStrategy=normal, strictFileInteractability=false, databaseEnabled=false, handlesAlerts=true, version=112.0.5615.137, browserConnectionEnabled=false, proxy={}, nativeEvents=true, webauthn:extension:minPinLength=true, webauthn:extension:prf=true, locationContextEnabled=true, cssSelectorsEnabled=true, webauthn:virtualAuthenticators=true}]\nSession ID: 140973faeec1f6fc6fbe57ce3e8e6202\n*** Element info: {Using=xpath, value=//a[@class='list-group-item'][normalize-space()='Logout']}\n\tat java.base/jdk.internal.reflect.NativeConstructorAccessorImpl.newInstance0(Native Method)\n\tat java.base/jdk.internal.reflect.NativeConstructorAccessorImpl.newInstance(NativeConstructorAccessorImpl.java:77)\n\tat java.base/jdk.internal.reflect.DelegatingConstructorAccessorImpl.newInstance(DelegatingConstructorAccessorImpl.java:45)\n\tat java.base/java.lang.reflect.Constructor.newInstanceWithCaller(Constructor.java:499)\n\tat java.base/java.lang.reflect.Constructor.newInstance(Constructor.java:480)\n\tat org.openqa.selenium.remote.ErrorHandler.createThrowable(ErrorHandler.java:204)\n\tat org.openqa.selenium.remote.ErrorHandler.throwIfResponseFailed(ErrorHandler.java:156)\n\tat org.openqa.selenium.remote.RemoteWebDriver.execute(RemoteWebDriver.java:599)\n\tat org.openqa.selenium.remote.RemoteWebDriver.findElement(RemoteWebDriver.java:352)\n\tat org.openqa.selenium.remote.RemoteWebDriver.findElementByXPath(RemoteWebDriver.java:449)\n\tat org.openqa.selenium.By$ByXPath.findElement(By.java:357)\n\tat org.openqa.selenium.remote.RemoteWebDriver.findElement(RemoteWebDriver.java:344)\n\tat org.openqa.selenium.support.pagefactory.DefaultElementLocator.findElement(DefaultElementLocator.java:59)\n\tat org.openqa.selenium.support.pagefactory.internal.LocatingElementHandler.invoke(LocatingElementHandler.java:37)\n\tat jdk.proxy2/jdk.proxy2.$Proxy16.isDisplayed(Unknown Source)\n\tat pageObjects.AccountPage.isLogoutLinkVisible(AccountPage.java:125)\n\tat stepDefinitions.Steps.i_can_able_to_see_Logout_link(Steps.java:157)\n\tat ✽.I can able to see Logout link(file:///Users/transportfornsw/eclipse-workspace/Selenium/Nopcommerce_Cucumber_Selenium/./Features/Cameras.feature:12)\n","duration":12050000,"status":"failed"},"line":12,"name":"I can able to see Logout link","match":{"location":"stepDefinitions.Steps.i_can_able_to_see_Logout_link()"},"keyword":"Then "},{"result":{"duration":25000,"status":"skipped"},"line":13,"name":"Click on Cameras","match":{"location":"stepDefinitions.Steps.click_on_cameras()"},"keyword":"And "},{"result":{"duration":12000,"status":"skipped"},"line":14,"name":"I can able to see Camera page view","match":{"location":"stepDefinitions.Steps.i_can_able_to_see_camera_page_view()"},"keyword":"Then "}],"tags":[{"name":"@Cameras"},{"name":"@UnitTest"},{"name":"@Cameras"}]},{"start_timestamp":"2023-04-23T03:12:25.645Z","line":18,"name":"Test Camera details view for Canon EOS 5D","description":"","id":"cameras;test-camera-details-view-for-canon-eos-5d","type":"scenario","keyword":"Scenario","steps":[{"result":{"duration":1689866000,"status":"passed"},"line":19,"name":"User Launch Chrome browser","match":{"location":"stepDefinitions.Steps.user_launch_chrome_browser()"},"keyword":"Given "},{"result":{"duration":1078386000,"status":"passed"},"line":20,"name":"User opens URL \"http://tutorialsninja.com/demo/index.php?route=account/login\"","match":{"arguments":[{"val":"\"http://tutorialsninja.com/demo/index.php?route=account/login\"","offset":15}],"location":"stepDefinitions.Steps.user_opens_url(java.lang.String)"},"keyword":"When "},{"result":{"duration":554274000,"status":"passed"},"line":21,"name":"User enters Email as \"dasari.jayalakshmi17@gmail.com\" and Password as \"Test12345\"","match":{"arguments":[{"val":"\"dasari.jayalakshmi17@gmail.com\"","offset":21},{"val":"\"Test12345\"","offset":70}],"location":"stepDefinitions.Steps.user_enters_email_as_and_password_as(java.lang.String,java.lang.String)"},"keyword":"And "},{"result":{"duration":237478000,"status":"passed"},"line":22,"name":"Click on Login","match":{"location":"stepDefinitions.Steps.click_on_login()"},"keyword":"And "},{"result":{"error_message":"org.openqa.selenium.NoSuchElementException: no such element: Unable to locate element: {\"method\":\"xpath\",\"selector\":\"//a[@class='list-group-item'][normalize-space()='Logout']\"}\n  (Session info: chrome=112.0.5615.137)\n  (Driver info: chromedriver=112.0.5615.49 (bd2a7bcb881c11e8cfe3078709382934e3916914-refs/branch-heads/5615@{#936}),platform=Mac OS X 13.3.1 x86_64) (WARNING: The server did not provide any stacktrace information)\nCommand duration or timeout: 10 milliseconds\nFor documentation on this error, please visit: http://seleniumhq.org/exceptions/no_such_element.html\nBuild info: version: '2.45.0', revision: '5017cb8e7ca8e37638dc3091b2440b90a1d8686f', time: '2015-02-27 09:10:26'\nSystem info: host: 'lcs-MacBook-Pro', ip: '192.168.20.26', os.name: 'Mac OS X', os.arch: 'x86_64', os.version: '13.3.1', java.version: '17.0.5'\nDriver info: org.openqa.selenium.chrome.ChromeDriver\nCapabilities [{mobileEmulationEnabled=false, timeouts={implicit=0, pageLoad=300000, script=30000}, hasTouchScreen=false, platform=MAC, acceptSslCerts=false, goog:chromeOptions={debuggerAddress=localhost:54165}, webauthn:extension:credBlob=true, acceptInsecureCerts=false, webStorageEnabled=true, browserName=chrome, takesScreenshot=true, javascriptEnabled=true, setWindowRect=true, webauthn:extension:largeBlob=true, unexpectedAlertBehaviour=ignore, rotatable=false, networkConnectionEnabled=false, chrome={chromedriverVersion=112.0.5615.49 (bd2a7bcb881c11e8cfe3078709382934e3916914-refs/branch-heads/5615@{#936}), userDataDir=/var/folders/_b/d6cz40qj2pb4s0gpzzs7_kc40000gp/T/.com.google.Chrome.kBZyv2}, takesHeapSnapshot=true, pageLoadStrategy=normal, strictFileInteractability=false, databaseEnabled=false, handlesAlerts=true, version=112.0.5615.137, browserConnectionEnabled=false, proxy={}, nativeEvents=true, webauthn:extension:minPinLength=true, webauthn:extension:prf=true, locationContextEnabled=true, cssSelectorsEnabled=true, webauthn:virtualAuthenticators=true}]\nSession ID: ea2dcd463cf21bba98a708d08caa6135\n*** Element info: {Using=xpath, value=//a[@class='list-group-item'][normalize-space()='Logout']}\n\tat java.base/jdk.internal.reflect.NativeConstructorAccessorImpl.newInstance0(Native Method)\n\tat java.base/jdk.internal.reflect.NativeConstructorAccessorImpl.newInstance(NativeConstructorAccessorImpl.java:77)\n\tat java.base/jdk.internal.reflect.DelegatingConstructorAccessorImpl.newInstance(DelegatingConstructorAccessorImpl.java:45)\n\tat java.base/java.lang.reflect.Constructor.newInstanceWithCaller(Constructor.java:499)\n\tat java.base/java.lang.reflect.Constructor.newInstance(Constructor.java:480)\n\tat org.openqa.selenium.remote.ErrorHandler.createThrowable(ErrorHandler.java:204)\n\tat org.openqa.selenium.remote.ErrorHandler.throwIfResponseFailed(ErrorHandler.java:156)\n\tat org.openqa.selenium.remote.RemoteWebDriver.execute(RemoteWebDriver.java:599)\n\tat org.openqa.selenium.remote.RemoteWebDriver.findElement(RemoteWebDriver.java:352)\n\tat org.openqa.selenium.remote.RemoteWebDriver.findElementByXPath(RemoteWebDriver.java:449)\n\tat org.openqa.selenium.By$ByXPath.findElement(By.java:357)\n\tat org.openqa.selenium.remote.RemoteWebDriver.findElement(RemoteWebDriver.java:344)\n\tat org.openqa.selenium.support.pagefactory.DefaultElementLocator.findElement(DefaultElementLocator.java:59)\n\tat org.openqa.selenium.support.pagefactory.internal.LocatingElementHandler.invoke(LocatingElementHandler.java:37)\n\tat jdk.proxy2/jdk.proxy2.$Proxy16.isDisplayed(Unknown Source)\n\tat pageObjects.AccountPage.isLogoutLinkVisible(AccountPage.java:125)\n\tat stepDefinitions.Steps.i_can_able_to_see_Logout_link(Steps.java:157)\n\tat ✽.I can able to see Logout link(file:///Users/transportfornsw/eclipse-workspace/Selenium/Nopcommerce_Cucumber_Selenium/./Features/Cameras.feature:23)\n","duration":10535000,"status":"failed"},"line":23,"name":"I can able to see Logout link","match":{"location":"stepDefinitions.Steps.i_can_able_to_see_Logout_link()"},"keyword":"Then "},{"result":{"duration":18000,"status":"skipped"},"line":24,"name":"Click on Cameras","match":{"location":"stepDefinitions.Steps.click_on_cameras()"},"keyword":"And "},{"result":{"duration":9000,"status":"skipped"},"line":25,"name":"I can able to see Camera page view","match":{"location":"stepDefinitions.Steps.i_can_able_to_see_camera_page_view()"},"keyword":"Then "},{"result":{"duration":8000,"status":"skipped"},"line":26,"name":"Click on Canon EOS 5D","match":{"location":"stepDefinitions.Steps.click_on_canon_eos_5d()"},"keyword":"And "},{"result":{"duration":7000,"status":"skipped"},"line":27,"name":"it should show Camera details view","match":{"location":"stepDefinitions.Steps.it_should_show_camera_details_view()"},"keyword":"Then "}],"tags":[{"name":"@Cameras"},{"name":"@UnitTest"},{"name":"@Cameras"}]}],"name":"Cameras","description":"","id":"cameras","keyword":"Feature","uri":"file:Features/Cameras.feature","tags":[{"name":"@Cameras","type":"Tag","location":{"line":3,"column":1}}]}]